#
# A fatal error has been detected by the Java Runtime Environment:
#
#  EXCEPTION_ACCESS_VIOLATION (0xc0000005) at pc=0x00000000693878bd, pid=7364, tid=0x0000000000002890
#
# JRE version: Java(TM) SE Runtime Environment (8.0_171-b11) (build 1.8.0_171-b11)
# Java VM: Java HotSpot(TM) 64-Bit Server VM (25.171-b11 mixed mode windows-amd64 compressed oops)
# Problematic frame:
# C  [sqlite-3.7.2-sqlitejdbc.dll+0x478bd]
#
# Failed to write core dump. Minidumps are not enabled by default on client versions of Windows
#
# If you would like to submit a bug report, please visit:
#   http://bugreport.java.com/bugreport/crash.jsp
# The crash happened outside the Java Virtual Machine in native code.
# See problematic frame for where to report the bug.
#

---------------  T H R E A D  ---------------

Current thread (0x0000000017d7c000):  JavaThread "Thread-6" [_thread_in_native, id=10384, stack(0x0000000019a00000,0x0000000019b00000)]

siginfo: ExceptionCode=0xc0000005, reading address 0x0000000000000058

Registers:
RAX=0x0000000000000000, RBX=0x0000000018d04ca8, RCX=0x0000000018d04ca8, RDX=0x0000000019afe878
RSP=0x0000000019afe730, RBP=0x0000000019afe848, RSI=0x0000000000000000, RDI=0x0000000000000138
R8 =0x0000000018d04ca8, R9 =0x0000000000000001, R10=0x00000000027c97af, R11=0x000000005f3cc460
R12=0x0000000000000000, R13=0x0000000018aa1de8, R14=0x0000000019afe878, R15=0x0000000017d7c000
RIP=0x00000000693878bd, EFLAGS=0x0000000000010202

Top of Stack: (sp=0x0000000019afe730)
0x0000000019afe730:   0000000019afe7f8 000000005f3ddbdf
0x0000000019afe740:   0000000019afe7f8 0000000019afe848
0x0000000019afe750:   0000000017d7c000 0000000017d7c000
0x0000000019afe760:   0000000019afe7f8 000000005f3de25a
0x0000000019afe770:   00000000181e8b58 0000000018aa1de8
0x0000000019afe780:   00000000ef3032a8 00000000693422a5
0x0000000019afe790:   0000000017bdf070 000000005f257531
0x0000000019afe7a0:   0000000019aff428 0000000017d7c000
0x0000000019afe7b0:   0000000019afe7f0 00000000027c97db
0x0000000019afe7c0:   0000000000000138 00000000027c9550
0x0000000019afe7d0:   0000000017d7c000 0000000018aa1de8
0x0000000019afe7e0:   0000000019afe838 00000000027b7b30
0x0000000019afe7f0:   00000000027c950a 0000000000000003
0x0000000019afe800:   00000000ec53cf20 0000000019afe7f8
0x0000000019afe810:   0000000018aa1de8 0000000019afe878
0x0000000019afe820:   0000000018ac37a0 0000000000000000 

Instructions: (pc=0x00000000693878bd)
0x000000006938789d:   48 8b 7c 24 30 48 83 c4 38 c3 56 53 48 83 ec 48
0x00000000693878ad:   48 89 cb be 00 00 00 00 48 85 c9 74 5f 48 8b 01
0x00000000693878bd:   48 8b 48 58 e8 8f c0 fb ff 48 89 d9 e8 4c fa ff
0x00000000693878cd:   ff 89 c6 c7 44 24 30 00 00 00 00 c7 44 24 28 00 


Register to memory mapping:

RAX=0x0000000000000000 is an unknown value
RBX=0x0000000018d04ca8 is an unknown value
RCX=0x0000000018d04ca8 is an unknown value
RDX=0x0000000019afe878 is pointing into the stack for thread: 0x0000000017d7c000
RSP=0x0000000019afe730 is pointing into the stack for thread: 0x0000000017d7c000
RBP=0x0000000019afe848 is pointing into the stack for thread: 0x0000000017d7c000
RSI=0x0000000000000000 is an unknown value
RDI=0x0000000000000138 is an unknown value
R8 =0x0000000018d04ca8 is an unknown value
R9 =0x0000000000000001 is an unknown value
R10=0x00000000027c97af is at code_begin+1295 in an Interpreter codelet
method entry point (kind = native_synchronized)  [0x00000000027c92a0, 0x00000000027c9e00]  2912 bytes
R11=0x000000005f3cc460 is an unknown value
R12=0x0000000000000000 is an unknown value
R13={method} {0x0000000018aa1df0} 'reset' '(J)I' in 'org/sqlite/NativeDB'
R14=0x0000000019afe878 is pointing into the stack for thread: 0x0000000017d7c000
R15=0x0000000017d7c000 is a thread


Stack: [0x0000000019a00000,0x0000000019b00000],  sp=0x0000000019afe730,  free space=1017k
Native frames: (J=compiled Java code, j=interpreted, Vv=VM code, C=native code)
C  [sqlite-3.7.2-sqlitejdbc.dll+0x478bd]

Java frames: (J=compiled Java code, j=interpreted, Vv=VM code)
j  org.sqlite.NativeDB.reset(J)I+0
j  org.sqlite.RS.close()V+76
j  org.sqlite.PrepStmt.executeQuery()Ljava/sql/ResultSet;+25
j  org.hibernate.engine.jdbc.internal.ResultSetReturnImpl.extract(Ljava/sql/PreparedStatement;)Ljava/sql/ResultSet;+5
j  org.hibernate.loader.Loader.getResultSet(Ljava/sql/PreparedStatement;Lorg/hibernate/engine/spi/RowSelection;Lorg/hibernate/dialect/pagination/LimitHandler;ZLorg/hibernate/engine/spi/SharedSessionContractImplementor;)Ljava/sql/ResultSet;+13
j  org.hibernate.loader.Loader.executeQueryStatement(Ljava/lang/String;Lorg/hibernate/engine/spi/QueryParameters;ZLjava/util/List;Lorg/hibernate/engine/spi/SharedSessionContractImplementor;)Lorg/hibernate/loader/Loader$SqlStatementWrapper;+140
j  org.hibernate.loader.Loader.executeQueryStatement(Lorg/hibernate/engine/spi/QueryParameters;ZLjava/util/List;Lorg/hibernate/engine/spi/SharedSessionContractImplementor;)Lorg/hibernate/loader/Loader$SqlStatementWrapper;+10
j  org.hibernate.loader.Loader.doQuery(Lorg/hibernate/engine/spi/SharedSessionContractImplementor;Lorg/hibernate/engine/spi/QueryParameters;ZLorg/hibernate/transform/ResultTransformer;)Ljava/util/List;+44
j  org.hibernate.loader.Loader.doQueryAndInitializeNonLazyCollections(Lorg/hibernate/engine/spi/SharedSessionContractImplementor;Lorg/hibernate/engine/spi/QueryParameters;ZLorg/hibernate/transform/ResultTransformer;)Ljava/util/List;+62
j  org.hibernate.loader.Loader.doList(Lorg/hibernate/engine/spi/SharedSessionContractImplementor;Lorg/hibernate/engine/spi/QueryParameters;Lorg/hibernate/transform/ResultTransformer;)Ljava/util/List;+34
j  org.hibernate.loader.Loader.doList(Lorg/hibernate/engine/spi/SharedSessionContractImplementor;Lorg/hibernate/engine/spi/QueryParameters;)Ljava/util/List;+4
j  org.hibernate.loader.Loader.listIgnoreQueryCache(Lorg/hibernate/engine/spi/SharedSessionContractImplementor;Lorg/hibernate/engine/spi/QueryParameters;)Ljava/util/List;+4
j  org.hibernate.loader.Loader.list(Lorg/hibernate/engine/spi/SharedSessionContractImplementor;Lorg/hibernate/engine/spi/QueryParameters;Ljava/util/Set;[Lorg/hibernate/type/Type;)Ljava/util/List;+49
j  org.hibernate.loader.criteria.CriteriaLoader.list(Lorg/hibernate/engine/spi/SharedSessionContractImplementor;)Ljava/util/List;+17
j  org.hibernate.internal.SessionImpl.list(Lorg/hibernate/Criteria;)Ljava/util/List;+206
j  org.hibernate.internal.CriteriaImpl.list()Ljava/util/List;+9
j  bdRespuestas.EventosBD.proximoEvento(Ljava/lang/String;)LbdRespuestas/EventosBD;+60
j  resolvedores.RecordarEventos.siguienteEvento(Ljava/lang/String;)LbdRespuestas/EventosBD;+16
j  usuariosYAsistente.Asistente.getEvento(Ljava/lang/String;)Ljava/lang/String;+3
j  cs.HiloServer$2.run()V+10
v  ~StubRoutines::call_stub

---------------  P R O C E S S  ---------------

Java Threads: ( => current thread )
  0x0000000016d85800 JavaThread "pool-3-thread-1" [_thread_blocked, id=5764, stack(0x000000001a400000,0x000000001a500000)]
  0x0000000016d87000 JavaThread "pool-2-thread-1" [_thread_blocked, id=1480, stack(0x000000001a300000,0x000000001a400000)]
  0x0000000016d88800 JavaThread "Thread-13" [_thread_in_native, id=2732, stack(0x000000001a200000,0x000000001a300000)]
  0x0000000016d86000 JavaThread "Thread-10" [_thread_in_native, id=10196, stack(0x000000001a100000,0x000000001a200000)]
  0x00000000181ea000 JavaThread "Thread-1" [_thread_blocked, id=5588, stack(0x0000000019d00000,0x0000000019e00000)]
  0x0000000017e49800 JavaThread "Thread-5" [_thread_blocked, id=1544, stack(0x0000000019c00000,0x0000000019d00000)]
  0x00000000183ac000 JavaThread "Thread-4" [_thread_in_native, id=11192, stack(0x0000000019b00000,0x0000000019c00000)]
=>0x0000000017d7c000 JavaThread "Thread-6" [_thread_in_native, id=10384, stack(0x0000000019a00000,0x0000000019b00000)]
  0x00000000180c9800 JavaThread "Thread-0" [_thread_in_native, id=9532, stack(0x0000000019900000,0x0000000019a00000)]
  0x000000001811b800 JavaThread "Thread-2" [_thread_blocked, id=1836, stack(0x0000000019800000,0x0000000019900000)]
  0x0000000018060000 JavaThread "pool-1-thread-1" [_thread_blocked, id=11064, stack(0x0000000018dc0000,0x0000000018ec0000)]
  0x0000000016716000 JavaThread "Service Thread" daemon [_thread_blocked, id=6048, stack(0x0000000016af0000,0x0000000016bf0000)]
  0x0000000014dde000 JavaThread "C1 CompilerThread2" daemon [_thread_blocked, id=1284, stack(0x00000000165f0000,0x00000000166f0000)]
  0x0000000014dbd000 JavaThread "C2 CompilerThread1" daemon [_thread_blocked, id=9484, stack(0x00000000164f0000,0x00000000165f0000)]
  0x0000000014d82800 JavaThread "C2 CompilerThread0" daemon [_thread_blocked, id=10752, stack(0x00000000163f0000,0x00000000164f0000)]
  0x0000000014d80800 JavaThread "Attach Listener" daemon [_thread_blocked, id=11152, stack(0x00000000162f0000,0x00000000163f0000)]
  0x00000000027ae800 JavaThread "Signal Dispatcher" daemon [_thread_blocked, id=3612, stack(0x00000000161f0000,0x00000000162f0000)]
  0x0000000014d70000 JavaThread "Finalizer" daemon [_thread_blocked, id=10796, stack(0x0000000015fd0000,0x00000000160d0000)]
  0x00000000027a4000 JavaThread "Reference Handler" daemon [_thread_blocked, id=5536, stack(0x0000000015ed0000,0x0000000015fd0000)]
  0x00000000026b2800 JavaThread "main" [_thread_in_native, id=4200, stack(0x00000000025b0000,0x00000000026b0000)]

Other Threads:
  0x0000000014d47800 VMThread [stack: 0x0000000015dd0000,0x0000000015ed0000] [id=11072]
  0x0000000016729000 WatcherThread [stack: 0x0000000016bf0000,0x0000000016cf0000] [id=9792]

VM state:not at safepoint (normal execution)

VM Mutex/Monitor currently owned by a thread: None

Heap:
 PSYoungGen      total 72192K, used 27601K [0x00000000eb400000, 0x00000000f2500000, 0x0000000100000000)
  eden space 64000K, 35% used [0x00000000eb400000,0x00000000eca32be8,0x00000000ef280000)
  from space 8192K, 59% used [0x00000000ef280000,0x00000000ef741a30,0x00000000efa80000)
  to   space 8192K, 0% used [0x00000000f1d00000,0x00000000f1d00000,0x00000000f2500000)
 ParOldGen       total 35840K, used 8856K [0x00000000c1c00000, 0x00000000c3f00000, 0x00000000eb400000)
  object space 35840K, 24% used [0x00000000c1c00000,0x00000000c24a63b0,0x00000000c3f00000)
 Metaspace       used 24923K, capacity 25274K, committed 25728K, reserved 1071104K
  class space    used 3533K, capacity 3617K, committed 3712K, reserved 1048576K

Card table byte_map: [0x0000000011b70000,0x0000000011d70000] byte_map_base: 0x0000000011562000

Marking Bits: (ParMarkBitMap*) 0x000000005f9c08c0
 Begin Bits: [0x00000000122c0000, 0x0000000013250000)
 End Bits:   [0x0000000013250000, 0x00000000141e0000)

Polling page: 0x0000000002440000

CodeCache: size=245760Kb used=8237Kb max_used=8242Kb free=237522Kb
 bounds [0x00000000027b0000, 0x0000000002fd0000, 0x00000000117b0000]
 total_blobs=2716 nmethods=2293 adapters=335
 compilation: enabled

Compilation events (10 events):
Event: 92.723 Thread 0x0000000014dde000 2575       1       org.hibernate.LockOptions::getTimeOut (5 bytes)
Event: 92.723 Thread 0x0000000014dde000 nmethod 2575 0x0000000002fb99d0 code [0x0000000002fb9b20, 0x0000000002fb9c30]
Event: 97.431 Thread 0x0000000014dbd000 2578       4       java.nio.CharBuffer::array (35 bytes)
Event: 97.432 Thread 0x0000000014dbd000 nmethod 2578 0x0000000002922810 code [0x0000000002922940, 0x00000000029229d8]
Event: 102.715 Thread 0x0000000014dde000 2579       3       java.lang.Long::stringSize (38 bytes)
Event: 102.716 Thread 0x0000000014dde000 nmethod 2579 0x0000000002fbb290 code [0x0000000002fbb400, 0x0000000002fbb650]
Event: 102.716 Thread 0x0000000014dde000 2580       3       java.lang.Long::getChars (221 bytes)
Event: 102.717 Thread 0x0000000014dde000 nmethod 2580 0x0000000002fc5810 code [0x0000000002fc59e0, 0x0000000002fc6050]
Event: 102.717 Thread 0x0000000014dde000 2581       3       java.lang.System::lineSeparator (4 bytes)
Event: 102.718 Thread 0x0000000014dde000 nmethod 2581 0x0000000002fb9650 code [0x0000000002fb97a0, 0x0000000002fb98f0]

GC Heap History (10 events):
Event: 7.649 GC heap before
{Heap before GC invocations=4 (full 0):
 PSYoungGen      total 18944K, used 18921K [0x00000000eb400000, 0x00000000ed900000, 0x0000000100000000)
  eden space 16384K, 100% used [0x00000000eb400000,0x00000000ec400000,0x00000000ec400000)
  from space 2560K, 99% used [0x00000000ec400000,0x00000000ec67a658,0x00000000ec680000)
  to   space 2560K, 0% used [0x00000000ed680000,0x00000000ed680000,0x00000000ed900000)
 ParOldGen       total 44032K, used 1262K [0x00000000c1c00000, 0x00000000c4700000, 0x00000000eb400000)
  object space 44032K, 2% used [0x00000000c1c00000,0x00000000c1d3ba70,0x00000000c4700000)
 Metaspace       used 13262K, capacity 13544K, committed 13696K, reserved 1060864K
  class space    used 1718K, capacity 1810K, committed 1920K, reserved 1048576K
Event: 7.658 GC heap after
Heap after GC invocations=4 (full 0):
 PSYoungGen      total 35328K, used 2553K [0x00000000eb400000, 0x00000000ed900000, 0x0000000100000000)
  eden space 32768K, 0% used [0x00000000eb400000,0x00000000eb400000,0x00000000ed400000)
  from space 2560K, 99% used [0x00000000ed680000,0x00000000ed8fe688,0x00000000ed900000)
  to   space 2560K, 0% used [0x00000000ed400000,0x00000000ed400000,0x00000000ed680000)
 ParOldGen       total 44032K, used 3393K [0x00000000c1c00000, 0x00000000c4700000, 0x00000000eb400000)
  object space 44032K, 7% used [0x00000000c1c00000,0x00000000c1f505b0,0x00000000c4700000)
 Metaspace       used 13262K, capacity 13544K, committed 13696K, reserved 1060864K
  class space    used 1718K, capacity 1810K, committed 1920K, reserved 1048576K
}
Event: 8.750 GC heap before
{Heap before GC invocations=5 (full 0):
 PSYoungGen      total 35328K, used 35321K [0x00000000eb400000, 0x00000000ed900000, 0x0000000100000000)
  eden space 32768K, 100% used [0x00000000eb400000,0x00000000ed400000,0x00000000ed400000)
  from space 2560K, 99% used [0x00000000ed680000,0x00000000ed8fe688,0x00000000ed900000)
  to   space 2560K, 0% used [0x00000000ed400000,0x00000000ed400000,0x00000000ed680000)
 ParOldGen       total 44032K, used 3393K [0x00000000c1c00000, 0x00000000c4700000, 0x00000000eb400000)
  object space 44032K, 7% used [0x00000000c1c00000,0x00000000c1f505b0,0x00000000c4700000)
 Metaspace       used 16296K, capacity 16666K, committed 16896K, reserved 1062912K
  class space    used 2445K, capacity 2543K, committed 2560K, reserved 1048576K
Event: 8.760 GC heap after
Heap after GC invocations=5 (full 0):
 PSYoungGen      total 35328K, used 2548K [0x00000000eb400000, 0x00000000f0100000, 0x0000000100000000)
  eden space 32768K, 0% used [0x00000000eb400000,0x00000000eb400000,0x00000000ed400000)
  from space 2560K, 99% used [0x00000000ed400000,0x00000000ed67d1f8,0x00000000ed680000)
  to   space 6656K, 0% used [0x00000000efa80000,0x00000000efa80000,0x00000000f0100000)
 ParOldGen       total 44032K, used 5946K [0x00000000c1c00000, 0x00000000c4700000, 0x00000000eb400000)
  object space 44032K, 13% used [0x00000000c1c00000,0x00000000c21ce920,0x00000000c4700000)
 Metaspace       used 16296K, capacity 16666K, committed 16896K, reserved 1062912K
  class space    used 2445K, capacity 2543K, committed 2560K, reserved 1048576K
}
Event: 9.615 GC heap before
{Heap before GC invocations=6 (full 0):
 PSYoungGen      total 35328K, used 28439K [0x00000000eb400000, 0x00000000f0100000, 0x0000000100000000)
  eden space 32768K, 79% used [0x00000000eb400000,0x00000000ecd48a78,0x00000000ed400000)
  from space 2560K, 99% used [0x00000000ed400000,0x00000000ed67d1f8,0x00000000ed680000)
  to   space 6656K, 0% used [0x00000000efa80000,0x00000000efa80000,0x00000000f0100000)
 ParOldGen       total 44032K, used 5946K [0x00000000c1c00000, 0x00000000c4700000, 0x00000000eb400000)
  object space 44032K, 13% used [0x00000000c1c00000,0x00000000c21ce920,0x00000000c4700000)
 Metaspace       used 20830K, capacity 21102K, committed 21296K, reserved 1067008K
  class space    used 3030K, capacity 3125K, committed 3200K, reserved 1048576K
Event: 9.629 GC heap after
Heap after GC invocations=6 (full 0):
 PSYoungGen      total 70656K, used 6243K [0x00000000eb400000, 0x00000000f0400000, 0x0000000100000000)
  eden space 64000K, 0% used [0x00000000eb400000,0x00000000eb400000,0x00000000ef280000)
  from space 6656K, 93% used [0x00000000efa80000,0x00000000f0098f30,0x00000000f0100000)
  to   space 8192K, 0% used [0x00000000ef280000,0x00000000ef280000,0x00000000efa80000)
 ParOldGen       total 44032K, used 5954K [0x00000000c1c00000, 0x00000000c4700000, 0x00000000eb400000)
  object space 44032K, 13% used [0x00000000c1c00000,0x00000000c21d0920,0x00000000c4700000)
 Metaspace       used 20830K, capacity 21102K, committed 21296K, reserved 1067008K
  class space    used 3030K, capacity 3125K, committed 3200K, reserved 1048576K
}
Event: 9.629 GC heap before
{Heap before GC invocations=7 (full 1):
 PSYoungGen      total 70656K, used 6243K [0x00000000eb400000, 0x00000000f0400000, 0x0000000100000000)
  eden space 64000K, 0% used [0x00000000eb400000,0x00000000eb400000,0x00000000ef280000)
  from space 6656K, 93% used [0x00000000efa80000,0x00000000f0098f30,0x00000000f0100000)
  to   space 8192K, 0% used [0x00000000ef280000,0x00000000ef280000,0x00000000efa80000)
 ParOldGen       total 44032K, used 5954K [0x00000000c1c00000, 0x00000000c4700000, 0x00000000eb400000)
  object space 44032K, 13% used [0x00000000c1c00000,0x00000000c21d0920,0x00000000c4700000)
 Metaspace       used 20830K, capacity 21102K, committed 21296K, reserved 1067008K
  class space    used 3030K, capacity 3125K, committed 3200K, reserved 1048576K
Event: 9.709 GC heap after
Heap after GC invocations=7 (full 1):
 PSYoungGen      total 70656K, used 0K [0x00000000eb400000, 0x00000000f0400000, 0x0000000100000000)
  eden space 64000K, 0% used [0x00000000eb400000,0x00000000eb400000,0x00000000ef280000)
  from space 6656K, 0% used [0x00000000efa80000,0x00000000efa80000,0x00000000f0100000)
  to   space 8192K, 0% used [0x00000000ef280000,0x00000000ef280000,0x00000000efa80000)
 ParOldGen       total 35840K, used 8856K [0x00000000c1c00000, 0x00000000c3f00000, 0x00000000eb400000)
  object space 35840K, 24% used [0x00000000c1c00000,0x00000000c24a63b0,0x00000000c3f00000)
 Metaspace       used 20830K, capacity 21102K, committed 21296K, reserved 1067008K
  class space    used 3030K, capacity 3125K, committed 3200K, reserved 1048576K
}
Event: 11.799 GC heap before
{Heap before GC invocations=8 (full 1):
 PSYoungGen      total 70656K, used 64000K [0x00000000eb400000, 0x00000000f0400000, 0x0000000100000000)
  eden space 64000K, 100% used [0x00000000eb400000,0x00000000ef280000,0x00000000ef280000)
  from space 6656K, 0% used [0x00000000efa80000,0x00000000efa80000,0x00000000f0100000)
  to   space 8192K, 0% used [0x00000000ef280000,0x00000000ef280000,0x00000000efa80000)
 ParOldGen       total 35840K, used 8856K [0x00000000c1c00000, 0x00000000c3f00000, 0x00000000eb400000)
  object space 35840K, 24% used [0x00000000c1c00000,0x00000000c24a63b0,0x00000000c3f00000)
 Metaspace       used 24571K, capacity 24858K, committed 25216K, reserved 1071104K
  class space    used 3501K, capacity 3585K, committed 3712K, reserved 1048576K
Event: 11.808 GC heap after
Heap after GC invocations=8 (full 1):
 PSYoungGen      total 72192K, used 4870K [0x00000000eb400000, 0x00000000f2500000, 0x0000000100000000)
  eden space 64000K, 0% used [0x00000000eb400000,0x00000000eb400000,0x00000000ef280000)
  from space 8192K, 59% used [0x00000000ef280000,0x00000000ef741a30,0x00000000efa80000)
  to   space 8192K, 0% used [0x00000000f1d00000,0x00000000f1d00000,0x00000000f2500000)
 ParOldGen       total 35840K, used 8856K [0x00000000c1c00000, 0x00000000c3f00000, 0x00000000eb400000)
  object space 35840K, 24% used [0x00000000c1c00000,0x00000000c24a63b0,0x00000000c3f00000)
 Metaspace       used 24571K, capacity 24858K, committed 25216K, reserved 1071104K
  class space    used 3501K, capacity 3585K, committed 3712K, reserved 1048576K
}

Deoptimization events (10 events):
Event: 10.215 Thread 0x00000000026b2800 Uncommon trap: reason=bimorphic action=maybe_recompile pc=0x0000000002a83fdc method=java.io.DataOutputStream.write([BII)V @ 7
Event: 10.241 Thread 0x0000000017e49800 Uncommon trap: reason=bimorphic action=maybe_recompile pc=0x0000000002a83fdc method=java.io.DataOutputStream.write([BII)V @ 7
Event: 10.246 Thread 0x00000000181ea000 Uncommon trap: reason=bimorphic action=maybe_recompile pc=0x0000000002a83fdc method=java.io.DataOutputStream.write([BII)V @ 7
Event: 10.817 Thread 0x0000000017d7c000 Uncommon trap: reason=unstable_if action=reinterpret pc=0x0000000002dbaa04 method=java.util.WeakHashMap.remove(Ljava/lang/Object;)Ljava/lang/Object; @ 94
Event: 10.836 Thread 0x0000000017d7c000 Uncommon trap: reason=unstable_if action=reinterpret pc=0x0000000002f232d4 method=java.util.WeakHashMap.remove(Ljava/lang/Object;)Ljava/lang/Object; @ 94
Event: 11.139 Thread 0x0000000017d7c000 Uncommon trap: reason=unstable_if action=reinterpret pc=0x0000000002c4b3ac method=java.util.concurrent.locks.ReentrantReadWriteLock$Sync.tryAcquireShared(I)I @ 36
Event: 12.633 Thread 0x000000001811b800 Uncommon trap: reason=unstable_if action=reinterpret pc=0x0000000002e8bd3c method=java.util.concurrent.ConcurrentHashMap.putVal(Ljava/lang/Object;Ljava/lang/Object;Z)Ljava/lang/Object; @ 98
Event: 12.672 Thread 0x0000000017d7c000 Uncommon trap: reason=unstable_if action=reinterpret pc=0x0000000002aa1644 method=java.util.ArrayList.rangeCheck(I)V @ 5
Event: 22.674 Thread 0x0000000017d7c000 Uncommon trap: reason=unstable_if action=reinterpret pc=0x0000000002a54958 method=java.util.ArrayList.rangeCheck(I)V @ 5
Event: 27.512 Thread 0x0000000016d88800 Uncommon trap: reason=unstable_if action=reinterpret pc=0x0000000002a1cb5c method=java.util.regex.Pattern$BmpCharProperty.match(Ljava/util/regex/Matcher;ILjava/lang/CharSequence;)Z @ 5

Classes redefined (0 events):
No events

Internal exceptions (10 events):
Event: 9.017 Thread 0x00000000026b2800 Exception <a 'java/lang/AbstractMethodError': org.sqlite.Conn.getSchema()Ljava/lang/String;> (0x00000000eb8fb300) thrown at [C:\re\workspace\8-2-build-windows-amd64-cygwin\jdk8u171\10807\hotspot\src\share\vm\interpreter\linkResolver.cpp, line 1330]
Event: 9.017 Thread 0x00000000026b2800 Exception <a 'java/lang/reflect/InvocationTargetException'> (0x00000000eb8fb508) thrown at [C:\re\workspace\8-2-build-windows-amd64-cygwin\jdk8u171\10807\hotspot\src\share\vm\runtime\reflection.cpp, line 954]
Event: 10.313 Thread 0x0000000017d7c000 Exception <a 'java/lang/ClassNotFoundException': com/sun/org/glassfish/hk2/osgiresourcelocator/ServiceLoader> (0x00000000ecede218) thrown at [C:\re\workspace\8-2-build-windows-amd64-cygwin\jdk8u171\10807\hotspot\src\share\vm\classfile\systemDictionary.cpp
Event: 10.320 Thread 0x000000001811b800 Exception <a 'java/lang/ClassNotFoundException': com/sun/org/glassfish/hk2/osgiresourcelocator/ServiceLoader> (0x00000000ece77af0) thrown at [C:\re\workspace\8-2-build-windows-amd64-cygwin\jdk8u171\10807\hotspot\src\share\vm\classfile\systemDictionary.cpp
Event: 10.572 Thread 0x0000000017d7c000 Exception <a 'java/lang/ClassNotFoundException': com/sun/org/glassfish/hk2/osgiresourcelocator/ServiceLoader> (0x00000000ed264550) thrown at [C:\re\workspace\8-2-build-windows-amd64-cygwin\jdk8u171\10807\hotspot\src\share\vm\classfile\systemDictionary.cpp
Event: 10.604 Thread 0x000000001811b800 Exception <a 'java/lang/ClassNotFoundException': com/sun/org/glassfish/hk2/osgiresourcelocator/ServiceLoader> (0x00000000ed2d15f8) thrown at [C:\re\workspace\8-2-build-windows-amd64-cygwin\jdk8u171\10807\hotspot\src\share\vm\classfile\systemDictionary.cpp
Event: 12.484 Thread 0x0000000017d7c000 Exception <a 'java/lang/AbstractMethodError': org.sqlite.Conn.getSchema()Ljava/lang/String;> (0x00000000ec439e60) thrown at [C:\re\workspace\8-2-build-windows-amd64-cygwin\jdk8u171\10807\hotspot\src\share\vm\interpreter\linkResolver.cpp, line 1330]
Event: 12.484 Thread 0x0000000017d7c000 Exception <a 'java/lang/reflect/InvocationTargetException'> (0x00000000ec43a068) thrown at [C:\re\workspace\8-2-build-windows-amd64-cygwin\jdk8u171\10807\hotspot\src\share\vm\runtime\reflection.cpp, line 954]
Event: 12.529 Thread 0x000000001811b800 Exception <a 'java/lang/AbstractMethodError': org.sqlite.Conn.getSchema()Ljava/lang/String;> (0x00000000ec546d90) thrown at [C:\re\workspace\8-2-build-windows-amd64-cygwin\jdk8u171\10807\hotspot\src\share\vm\interpreter\linkResolver.cpp, line 1330]
Event: 12.529 Thread 0x000000001811b800 Exception <a 'java/lang/reflect/InvocationTargetException'> (0x00000000ec546f98) thrown at [C:\re\workspace\8-2-build-windows-amd64-cygwin\jdk8u171\10807\hotspot\src\share\vm\runtime\reflection.cpp, line 954]

Events (10 events):
Event: 27.510 Executing VM operation: RevokeBias done
Event: 27.511 Executing VM operation: RevokeBias
Event: 27.511 Executing VM operation: RevokeBias done
Event: 27.511 Executing VM operation: RevokeBias
Event: 27.511 Executing VM operation: RevokeBias done
Event: 27.512 Executing VM operation: RevokeBias
Event: 27.512 Executing VM operation: RevokeBias done
Event: 27.512 Thread 0x0000000016d88800 Uncommon trap: trap_request=0xffffff65 fr.pc=0x0000000002a1cb5c
Event: 27.512 Thread 0x0000000016d88800 DEOPT PACKING pc=0x0000000002a1cb5c sp=0x000000001a2fec00
Event: 27.512 Thread 0x0000000016d88800 DEOPT UNPACKING pc=0x00000000027f583b sp=0x000000001a2febd0 mode 2


Dynamic libraries:
0x00007ff711750000 - 0x00007ff711787000 	C:\Program Files\Java\jre1.8.0_171\bin\javaw.exe
0x00007ffc283c0000 - 0x00007ffc285a1000 	C:\WINDOWS\SYSTEM32\ntdll.dll
0x00007ffc26a90000 - 0x00007ffc26b42000 	C:\WINDOWS\System32\KERNEL32.DLL
0x00007ffc24790000 - 0x00007ffc24a03000 	C:\WINDOWS\System32\KERNELBASE.dll
0x00007ffc28050000 - 0x00007ffc280f1000 	C:\WINDOWS\System32\ADVAPI32.dll
0x00007ffc26030000 - 0x00007ffc260ce000 	C:\WINDOWS\System32\msvcrt.dll
0x00007ffc25fd0000 - 0x00007ffc2602b000 	C:\WINDOWS\System32\sechost.dll
0x00007ffc25b80000 - 0x00007ffc25ca4000 	C:\WINDOWS\System32\RPCRT4.dll
0x00007ffc25e40000 - 0x00007ffc25fd0000 	C:\WINDOWS\System32\USER32.dll
0x00007ffc25680000 - 0x00007ffc256a0000 	C:\WINDOWS\System32\win32u.dll
0x00007ffc28360000 - 0x00007ffc28388000 	C:\WINDOWS\System32\GDI32.dll
0x00007ffc24c00000 - 0x00007ffc24d92000 	C:\WINDOWS\System32\gdi32full.dll
0x00007ffc256a0000 - 0x00007ffc2573f000 	C:\WINDOWS\System32\msvcp_win.dll
0x00007ffc24e20000 - 0x00007ffc24f1a000 	C:\WINDOWS\System32\ucrtbase.dll
0x00007ffc11ae0000 - 0x00007ffc11d49000 	C:\WINDOWS\WinSxS\amd64_microsoft.windows.common-controls_6595b64144ccf1df_6.0.17134.165_none_fb429645306569ac\COMCTL32.dll
0x00007ffc25850000 - 0x00007ffc25b73000 	C:\WINDOWS\System32\combase.dll
0x00007ffc24da0000 - 0x00007ffc24e1a000 	C:\WINDOWS\System32\bcryptPrimitives.dll
0x00007ffc26520000 - 0x00007ffc2654d000 	C:\WINDOWS\System32\IMM32.DLL
0x000000005ff70000 - 0x0000000060042000 	C:\Program Files\Java\jre1.8.0_171\bin\msvcr100.dll
0x000000005f1a0000 - 0x000000005fa40000 	C:\Program Files\Java\jre1.8.0_171\bin\server\jvm.dll
0x00007ffc25e30000 - 0x00007ffc25e38000 	C:\WINDOWS\System32\PSAPI.DLL
0x00007ffc0ced0000 - 0x00007ffc0ced9000 	C:\WINDOWS\SYSTEM32\WSOCK32.dll
0x00007ffc192d0000 - 0x00007ffc192f3000 	C:\WINDOWS\SYSTEM32\WINMM.dll
0x00007ffc28160000 - 0x00007ffc281cc000 	C:\WINDOWS\System32\WS2_32.dll
0x00007ffc14c30000 - 0x00007ffc14c3a000 	C:\WINDOWS\SYSTEM32\VERSION.dll
0x00007ffc192a0000 - 0x00007ffc192ca000 	C:\WINDOWS\SYSTEM32\winmmbase.dll
0x00007ffc24f20000 - 0x00007ffc24f69000 	C:\WINDOWS\System32\cfgmgr32.dll
0x000000005ff60000 - 0x000000005ff6f000 	C:\Program Files\Java\jre1.8.0_171\bin\verify.dll
0x000000005ff30000 - 0x000000005ff59000 	C:\Program Files\Java\jre1.8.0_171\bin\java.dll
0x000000005ff10000 - 0x000000005ff26000 	C:\Program Files\Java\jre1.8.0_171\bin\zip.dll
0x00007ffc26b50000 - 0x00007ffc27f90000 	C:\WINDOWS\System32\SHELL32.dll
0x00007ffc25d80000 - 0x00007ffc25e29000 	C:\WINDOWS\System32\shcore.dll
0x00007ffc24f70000 - 0x00007ffc2567d000 	C:\WINDOWS\System32\windows.storage.dll
0x00007ffc28100000 - 0x00007ffc28151000 	C:\WINDOWS\System32\shlwapi.dll
0x00007ffc24710000 - 0x00007ffc24721000 	C:\WINDOWS\System32\kernel.appcore.dll
0x00007ffc246d0000 - 0x00007ffc246ef000 	C:\WINDOWS\System32\profapi.dll
0x00007ffc24730000 - 0x00007ffc2477c000 	C:\WINDOWS\System32\powrprof.dll
0x00007ffc24780000 - 0x00007ffc2478a000 	C:\WINDOWS\System32\FLTLIB.DLL
0x000000005fef0000 - 0x000000005ff0a000 	C:\Program Files\Java\jre1.8.0_171\bin\net.dll
0x00007ffc23ef0000 - 0x00007ffc23f56000 	C:\WINDOWS\system32\mswsock.dll
0x0000000069340000 - 0x00000000693c5000 	C:\Users\fedem\AppData\Local\Temp\sqlite-3.7.2-sqlitejdbc.dll
0x00007ffc240a0000 - 0x00007ffc240b7000 	C:\WINDOWS\SYSTEM32\CRYPTSP.dll
0x00007ffc23ad0000 - 0x00007ffc23b03000 	C:\WINDOWS\system32\rsaenh.dll
0x00007ffc241d0000 - 0x00007ffc241f5000 	C:\WINDOWS\SYSTEM32\bcrypt.dll
0x00007ffc24600000 - 0x00007ffc24628000 	C:\WINDOWS\SYSTEM32\USERENV.dll
0x00007ffc240c0000 - 0x00007ffc240cb000 	C:\WINDOWS\SYSTEM32\CRYPTBASE.dll
0x00007ffc23c70000 - 0x00007ffc23ca8000 	C:\WINDOWS\SYSTEM32\IPHLPAPI.DLL
0x00007ffc281d0000 - 0x00007ffc281d8000 	C:\WINDOWS\System32\NSI.dll
0x00007ffc1e330000 - 0x00007ffc1e346000 	C:\WINDOWS\SYSTEM32\dhcpcsvc6.DLL
0x00007ffc1e720000 - 0x00007ffc1e73a000 	C:\WINDOWS\SYSTEM32\dhcpcsvc.DLL
0x000000005fed0000 - 0x000000005fee1000 	C:\Program Files\Java\jre1.8.0_171\bin\nio.dll
0x00007ffc1f850000 - 0x00007ffc1fa19000 	C:\WINDOWS\SYSTEM32\dbghelp.dll

VM Arguments:
jvm_args: -Dfile.encoding=ISO-8859-1 
java_command: cs.Servidor
java_class_path (initial): C:\Program Files\Java\jre1.8.0_171\lib\resources.jar;C:\Program Files\Java\jre1.8.0_171\lib\rt.jar;C:\Program Files\Java\jre1.8.0_171\lib\jsse.jar;C:\Program Files\Java\jre1.8.0_171\lib\jce.jar;C:\Program Files\Java\jre1.8.0_171\lib\charsets.jar;C:\Program Files\Java\jre1.8.0_171\lib\jfr.jar;C:\Program Files\Java\jre1.8.0_171\lib\ext\access-bridge-64.jar;C:\Program Files\Java\jre1.8.0_171\lib\ext\cldrdata.jar;C:\Program Files\Java\jre1.8.0_171\lib\ext\dnsns.jar;C:\Program Files\Java\jre1.8.0_171\lib\ext\jaccess.jar;C:\Program Files\Java\jre1.8.0_171\lib\ext\jfxrt.jar;C:\Program Files\Java\jre1.8.0_171\lib\ext\localedata.jar;C:\Program Files\Java\jre1.8.0_171\lib\ext\nashorn.jar;C:\Program Files\Java\jre1.8.0_171\lib\ext\sunec.jar;C:\Program Files\Java\jre1.8.0_171\lib\ext\sunjce_provider.jar;C:\Program Files\Java\jre1.8.0_171\lib\ext\sunmscapi.jar;C:\Program Files\Java\jre1.8.0_171\lib\ext\sunpkcs11.jar;C:\Program Files\Java\jre1.8.0_171\lib\ext\zipfs.jar;C:\Users\fedem\.p2\pool\plugins\org.junit.jupiter.api_5.0.0.v20170910-2246.jar;C:\Users\fedem\.p2\pool\plugins\org.junit.jupiter.engine_5.0.0.v20170910-2246.jar;C:\Users\fedem\.p2\pool\plugins\org.junit.jupiter.migrationsupport_5.0.0.v20170910-2246.jar;C:\Users\fedem\.p2\pool\plugins\org.junit.jupiter.params_5.0.0.v20170910-2246.jar;C:\Users\fedem\.p2\pool\plugins\org.junit.platform.commons_1.0.0.v20170910-2246.jar;C:\Users\fedem\.p2\pool\plugins\org.junit.platform.engine_1.0.0.v20170910-2246.jar;C:\Users\fedem\.p2\pool\plugins\org.junit.platform.launcher_1.0.0.v20170910-2246.jar;C:\Users\fedem\.p2\pool\plugins\org.junit.platform.runner_1.0.0.v20170910-2246.jar;C:\Users\fedem\.p2\pool\plugins\org.junit.platform.suite.api_1.0.0.v20170910-2246.jar;C:\Users\fedem\.p2\pool\plugins\org.junit.vintage.engine_4.12.0.v20170910-2246.jar;C:\Users\fedem\.p2\pool\plugins\org.opentest4j_1.0.0.v20170910-2246.jar;C:\Users\fedem\.p2\pool\plugins\org.apiguardian_1.0.0.v20170910-2246.jar;C:\Users\fedem\.p
Launcher Type: SUN_STANDARD

Environment Variables:
CLASSPATH=.;.;C:\PROGRA~2\JMF21~1.1E\lib\sound.jar;C:\PROGRA~2\JMF21~1.1E\lib\jmf.jar;C:\PROGRA~2\JMF21~1.1E\lib;
PATH=C:/Program Files/Java/jre1.8.0_171/bin/server;C:/Program Files/Java/jre1.8.0_171/bin;C:/Program Files/Java/jre1.8.0_171/lib/amd64;C:\Program Files (x86)\Common Files\Oracle\Java\javapath;C:\WINDOWS\system32;C:\WINDOWS;C:\WINDOWS\System32\Wbem;C:\WINDOWS\System32\WindowsPowerShell\v1.0\;C:\WINDOWS\System32\OpenSSH\;C:\Users\fedem\AppData\Local\Microsoft\WindowsApps;;C:\WINDOWS\system32;
USERNAME=fedem
OS=Windows_NT
PROCESSOR_IDENTIFIER=Intel64 Family 6 Model 69 Stepping 1, GenuineIntel



---------------  S Y S T E M  ---------------

OS: Windows 10.0 , 64 bit Build 17134 (10.0.17134.1)

CPU:total 4 (initial active 4) (2 cores per cpu, 2 threads per core) family 6 model 69 stepping 1, cmov, cx8, fxsr, mmx, sse, sse2, sse3, ssse3, sse4.1, sse4.2, popcnt, avx, avx2, aes, clmul, erms, lzcnt, ht, tsc, tscinvbit, bmi1, bmi2

Memory: 4k page, physical 4071704k(620012k free), swap 7029808k(1487760k free)

vm_info: Java HotSpot(TM) 64-Bit Server VM (25.171-b11) for windows-amd64 JRE (1.8.0_171-b11), built on Mar 28 2018 16:06:12 by "java_re" with MS VC++ 10.0 (VS2010)

time: Fri Jul 13 01:55:09 2018
elapsed time: 102 seconds (0d 0h 1m 42s)

